Samples: 2000000, feasible: 783343 (39.17%)

=== Minimum raw P = (5/8)*(a^2+b^2+c2^2) - (sqrt2/3)*c4*(a+c2-2b) - c4^2 ===
  min P = -1.367420  (negative => violates R*)
    at (a,b,c2,c4) = (-0.187653, 0.291851, -0.392914, -0.996193)
    c1 = -0.892068, c3 = 0.996266
    |omega|^2 ~ nd = 2.935113

=== Minimum scale-invariant P/|omega|^2 ===
  min P/|omega|^2 = -0.536344
    at (a,b,c2,c4) = (0.110798, 0.080292, -0.180712, -0.938206)
    c1 = -0.552614, c3 = 0.743704
    |omega|^2 ~ nd = 1.771366
    raw P at this point = -0.950062

Feasible points with P < 0: 224525 / 783343 (28.66%)
Feasible points with P < 0 AND |omega|^2 > 0.01: 224516

Top 5 violators away from |omega|=0 boundary (sorted by most negative P):
  (a,b,c2,c4) = (-0.18765, 0.29185, -0.39291, -0.99619)  P=-1.36742  |omega|^2=2.93511
  (a,b,c2,c4) = (-0.28341, 0.29033, -0.24101, -0.99212)  P=-1.36194  |omega|^2=2.99629
  (a,b,c2,c4) = (0.21531, -0.29113, 0.37560, 0.99166)  P=-1.36171  |omega|^2=2.94923
  (a,b,c2,c4) = (0.27290, -0.25528, 0.36472, 0.99164)  P=-1.34968  |omega|^2=2.98011
  (a,b,c2,c4) = (0.27373, -0.24108, 0.38756, 0.99504)  P=-1.34942  |omega|^2=2.98789
