Grid: 262144 points
Grid omega^2 range: [0.0021, 6.8284]
Grid ||grad||^2 range: [0.0000, 35.5310]
Seed candidates: 3500
Refined critical points: 3500
Unique critical points: 60

== All critical points sorted by P (ascending) ==
      x1       x2       x3     |om|^2  ||S||_F^2      ratio          P  Hess_eigvals          class
  2.1280   1.4843   0.0000    0.15449    1.33767    8.65859   -1.16386  [-0.740 +1.717 +4.389]  saddle
  4.1552   4.7989   0.0000    0.15449    1.33767    8.65859   -1.16386  [-0.740 +1.717 +4.389]  saddle
  1.0136   4.7989   3.1416    0.15449    1.33767    8.65859   -1.16386  [-0.740 +1.717 +4.389]  saddle
  5.2696   1.4843   3.1416    0.15449    1.33767    8.65859   -1.16386  [-0.740 +1.717 +4.389]  saddle
  0.0000   0.0000   3.1416    1.17157    2.00000    1.70711   -0.68198  [-1.554 -0.586 +0.625]  saddle
  3.1416   0.0000   0.0000    1.17157    2.00000    1.70711   -0.68198  [-1.554 -0.586 +0.625]  saddle
  2.1863   1.5708   5.3279   -0.00000    0.66667        inf   -0.66667  [+1.047 +1.647 +4.640]  min
  2.1863   1.5708   0.9553   -0.00000    0.66667        inf   -0.66667  [+1.047 +1.647 +4.640]  min
  5.3279   1.5708   4.0969   -0.00000    0.66667        inf   -0.66667  [+1.047 +1.647 +4.640]  min
  4.0969   4.7124   0.9553   -0.00000    0.66667        inf   -0.66667  [+1.047 +1.647 +4.640]  min
  4.0969   4.7124   5.3279    0.00000    0.66667        inf   -0.66667  [+1.047 +1.647 +4.640]  min
  5.3279   1.5708   2.1863   -0.00000    0.66667        inf   -0.66667  [+1.047 +1.647 +4.640]  min
  0.9553   4.7124   2.1863   -0.00000    0.66667        inf   -0.66667  [+1.047 +1.647 +4.640]  min
  0.9553   4.7124   4.0969   -0.00000    0.66667        inf   -0.66667  [+1.047 +1.647 +4.640]  min
  3.1416   0.0000   0.7854    1.08579    1.54289    1.42099   -0.32138  [-1.698 -0.059 +1.000]  saddle
  0.0000   0.0000   3.9270    1.08579    1.54289    1.42099   -0.32138  [-1.698 -0.059 +1.000]  saddle
  0.0000   0.0000   2.3562    1.08579    1.54289    1.42099   -0.32138  [-1.698 -0.059 +1.000]  saddle
  3.1416   0.0000   5.4978    1.08579    1.54289    1.42099   -0.32138  [-1.698 -0.059 +1.000]  saddle
  4.7124   0.0000   1.5708    1.00000    0.50000    0.50000   +0.62500  [-0.746 +0.251 +3.666]  saddle
  2.3562   5.4978   4.7124    1.00000    0.50000    0.50000   +0.62500  [-0.762 +0.637 +4.125]  saddle
  1.5708   0.0000   1.5708    1.00000    0.50000    0.50000   +0.62500  [-0.746 +0.251 +3.666]  saddle
  1.5708   0.0000   4.7124    1.00000    0.50000    0.50000   +0.62500  [-0.746 +0.251 +3.666]  saddle
  5.4978   5.4978   1.5708    1.00000    0.50000    0.50000   +0.62500  [-0.762 +0.637 +4.125]  saddle
  2.3562   5.4978   1.5708    1.00000    0.50000    0.50000   +0.62500  [-0.762 +0.637 +4.125]  saddle
  1.5708   3.1416   1.5708    1.00000    0.50000    0.50000   +0.62500  [-1.595 +1.670 +8.753]  saddle
  4.7124   0.0000   4.7124    1.00000    0.50000    0.50000   +0.62500  [-0.746 +0.251 +3.666]  saddle
  5.4978   5.4978   4.7124    1.00000    0.50000    0.50000   +0.62500  [-0.762 +0.637 +4.125]  saddle
  1.5708   3.1416   4.7124    1.00000    0.50000    0.50000   +0.62500  [-1.595 +1.670 +8.753]  saddle
  4.7124   3.1416   4.7124    1.00000    0.50000    0.50000   +0.62500  [-1.595 +1.670 +8.753]  saddle
  4.7124   3.1416   1.5708    1.00000    0.50000    0.50000   +0.62500  [-1.595 +1.670 +8.753]  saddle
  3.9270   0.7854   1.5708    1.00000    0.50000    0.50000   +0.62500  [-0.762 +0.637 +4.125]  saddle
  0.7854   0.7854   4.7124    1.00000    0.50000    0.50000   +0.62500  [-0.762 +0.637 +4.125]  saddle
  0.7854   0.7854   1.5708    1.00000    0.50000    0.50000   +0.62500  [-0.762 +0.637 +4.125]  saddle
  3.9270   0.7854   4.7124    1.00000    0.50000    0.50000   +0.62500  [-0.762 +0.637 +4.125]  saddle
  0.0000   3.1416   0.0000    4.00000    3.41421    0.85355   +1.08579  [-6.828 -2.586 -0.586]  max
  3.1416   3.1416   3.1416    4.00000    3.41421    0.85355   +1.08579  [-6.828 -2.586 -0.586]  max
  3.1416   4.7124   3.1416    2.00000    1.00000    0.50000   +1.25000  [-2.000 -0.828 +4.828]  saddle
  0.0000   4.7124   0.0000    2.00000    1.00000    0.50000   +1.25000  [-2.000 -0.828 +4.828]  saddle
  0.0000   1.5708   0.0000    2.00000    1.00000    0.50000   +1.25000  [-2.000 -0.828 +4.828]  saddle
  3.1416   1.5708   3.1416    2.00000    1.00000    0.50000   +1.25000  [-2.000 -0.828 +4.828]  saddle
  5.1687   2.6853   0.0000    2.00000    1.00000    0.50000   +1.25000  [-2.000 -0.842 +7.381]  saddle
  4.2561   3.5979   3.1416    2.00000    1.00000    0.50000   +1.25000  [-2.000 -0.842 +7.381]  saddle
  1.1145   3.5979   0.0000    2.00000    1.00000    0.50000   +1.25000  [-2.000 -0.842 +7.381]  saddle
  2.0271   2.6853   3.1416    2.00000    1.00000    0.50000   +1.25000  [-2.000 -0.842 +7.381]  saddle
  0.0000   3.1416   0.7854    3.91421    2.95711    0.75548   +1.44638  [-7.637 -2.606 +1.000]  saddle
  3.1416   3.1416   3.9270    3.91421    2.95711    0.75548   +1.44638  [-7.637 -2.606 +1.000]  saddle
  3.1416   3.1416   2.3562    3.91421    2.95711    0.75548   +1.44638  [-7.637 -2.606 +1.000]  saddle
  0.0000   3.1416   5.4978    3.91421    2.95711    0.75548   +1.44638  [-7.637 -2.606 +1.000]  saddle
  3.8180   4.2766   3.1416    1.91731    0.62161    0.32421   +1.53537  [-2.337 +0.555 +5.679]  saddle
  2.4652   2.0066   3.1416    1.91731    0.62161    0.32421   +1.53537  [-2.337 +0.555 +5.679]  saddle
  5.6067   2.0066   0.0000    1.91731    0.62161    0.32421   +1.53537  [-2.337 +0.555 +5.679]  saddle
  0.6764   4.2766   0.0000    1.91731    0.62161    0.32421   +1.53537  [-2.337 +0.555 +5.679]  saddle
  4.9451   1.0447   0.0000    3.26330    0.27789    0.08516   +3.39332  [-4.669 -3.354 +1.549]  saddle
  1.8035   1.0447   3.1416    3.26330    0.27789    0.08516   +3.39332  [-4.669 -3.354 +1.549]  saddle
  4.4797   5.2385   3.1416    3.26330    0.27789    0.08516   +3.39332  [-4.669 -3.354 +1.549]  saddle
  1.3381   5.2385   0.0000    3.26330    0.27789    0.08516   +3.39332  [-4.669 -3.354 +1.549]  saddle
  0.0000   0.0000   0.0000    4.00000    0.58579    0.14645   +3.91421  [-5.414 -3.414 -1.172]  max
  3.1416   0.0000   3.1416    4.00000    0.58579    0.14645   +3.91421  [-5.414 -3.414 -1.172]  max
  0.0000   3.1416   3.1416    6.82843    2.00000    0.29289   +5.68198  [-12.415 -3.414 -2.656]  max
  3.1416   3.1416   0.0000    6.82843    2.00000    0.29289   +5.68198  [-12.415 -3.414 -2.656]  max

== True local maxima of |omega|^2 (ratio ranked) ==
count = 6
Max ratio over true maxima: 0.853553
Min P over true maxima:    +1.085786
Max P over true maxima:    +5.681981

== Minimum P over ALL critical points (incl. saddles) ==
Min P = -1.163865   (Lasserre bound: -1.16386)
Max Frobenius ratio over all crit points = inf  (target: < 9/8 = 1.125)

Worst-P critical point:
  x = (2.127990, 1.484300, 0.000000)
  |omega|^2 = 0.154490
  ||S||_F^2 = 1.337666
  ratio = 8.658590
  P = -1.163865
  H eigenvalues = [-0.73957914  1.71683412  4.38921777]
  class = saddle
  c = (-0.528807, +0.086389, +1.000000, -0.891252)
  s = (+0.848742, +0.996262, +0.000000, -0.453508)

Runtime: 2.6s
