Tight N=4 Lasserre SOS check
  target: P(c) = (9/8)|omega|^2 - ||S||_F^2  >= 0  on TIGHT set (E) as equalities
  NONDEG epsilon = 0.001
  polynomial monomials in P: 7
    P[c4^2                ] = +0.625000
    P[c3*c4               ] = +1.826693
    P[c3^2                ] = +0.625000
    P[c2*c4               ] = -0.471405
    P[c2^2                ] = +0.625000
    P[c1*c4               ] = -1.355288
    P[c1^2                ] = +0.625000

--- Cross-check: Agent B's violator on the TIGHT system ---
  s2=+0.926163:  E1=+0.0000e+00, E2=-3.4928e-01, E3=+0.0000e+00
    E2 = s2 * c2 = -0.349278  (must be 0 for tight E2; NOT zero)
  s2=-0.926163:  E1=+0.0000e+00, E2=+3.4928e-01, E3=+0.0000e+00
    E2 = s2 * c2 = +0.349278  (must be 0 for tight E2; NOT zero)
  --> violator FAILS E2 as equality (unless s2 = 0, but sphere_2 forces s2^2 > 0). Good.

=== Lasserre moment relaxation at d=2 (moments up to 2d=4) ===
  |half|=45 (moment matrix side), |full|=495 (scalar moment variables)
  moment matrix M_d: 45x45
  ineq localizer box_c1: dg=2, dloc=1, size=9
  ineq localizer box_c2: dg=2, dloc=1, size=9
  ineq localizer box_c3: dg=2, dloc=1, size=9
  ineq localizer box_c4: dg=2, dloc=1, size=9
  ineq localizer box_s1: dg=2, dloc=1, size=9
  ineq localizer box_s2: dg=2, dloc=1, size=9
  ineq localizer box_s3: dg=2, dloc=1, size=9
  ineq localizer box_s4: dg=2, dloc=1, size=9
  ineq localizer NONDEG: dg=2, dloc=1, size=9
  eq sphere1: dg=2, shift_monos=45
  eq sphere2: dg=2, shift_monos=45
  eq sphere3: dg=2, shift_monos=45
  eq sphere4: dg=2, shift_monos=45
  eq E1: dg=2, shift_monos=45
  eq E2: dg=2, shift_monos=45
  eq E3: dg=2, shift_monos=45
  total constraints: 3080
  building problem took 0.2s
  solving with SCS...
  solve took 2.4s
  status: optimal
  optimal value (lower bound on min P over tight set): -1.3095610181050639
  y[1]=1.000000
  first-order moments (candidate mean values of variables):
    E[c1] = -0.000000
    E[c2] = -0.000000
    E[c3] = +0.000000
    E[c4] = -0.000000
    E[s1] = +0.000000
    E[s2] = +0.000000
    E[s3] = -0.000000
    E[s4] = +0.000000
  moment matrix top eigenvalues: [1.80505440e-07 1.86986638e-07 1.00476260e+00 2.99523739e+00
 3.00950249e+00 7.98550371e+00]
  moment matrix bottom eigenvalues: [-1.94998577e-07 -1.64751963e-07 -1.48140416e-07 -1.31903390e-07
 -1.00261987e-07 -6.73212966e-08]
  feasibility check at moment-mean (may not be a true atom):
    sphere_1: c^2+s^2-1 = -1.0000e+00
    sphere_2: c^2+s^2-1 = -1.0000e+00
    sphere_3: c^2+s^2-1 = -1.0000e+00
    sphere_4: c^2+s^2-1 = -1.0000e+00
    E1 = -4.0761e-30,  E2 = -4.8355e-29,  E3 = -1.1976e-30
    |omega|^2 = +1.6813e-29  (need >= 0.001)
    P = (9/8)|omega|^2 - ||S||_F^2 = -0.000000

TOTAL runtime: 2.7s
Final: d=2,  min_S P lower bound = -1.3095610181050639
