Sanity (saddle x*): H eigenvalues = [-0.73957914  1.71683413  4.38921772]
  Expected from attempt_856:  (-0.7396, +1.7168, +4.3892)
Attempt 857: Tight SOS with polynomial angle-link AND Hessian-NSD matrix-PSD localizer
             at attempt_852 config (k_4 = (1,1,0) integer lattice)
  NONDEG epsilon = 0.001
  P monomials: 6
    P[c4^2                ] = +0.625000
    P[c3*c4               ] = +2.298097
    P[c3^2                ] = +0.625000
    P[c2^2                ] = +0.625000
    P[c1*c4               ] = -0.883883
    P[c1^2                ] = +0.625000

=== Lasserre moment relaxation at d=2 (moments up to 2d=4) ===
  |half|=45 (moment matrix side), |full|=495 (scalar moment vars)
  moment matrix M_d: 45x45
  ineq localizer box_c1: dg=2, dloc=1, size=9
  ineq localizer box_c2: dg=2, dloc=1, size=9
  ineq localizer box_c3: dg=2, dloc=1, size=9
  ineq localizer box_c4: dg=2, dloc=1, size=9
  ineq localizer box_s1: dg=2, dloc=1, size=9
  ineq localizer box_s2: dg=2, dloc=1, size=9
  ineq localizer box_s3: dg=2, dloc=1, size=9
  ineq localizer box_s4: dg=2, dloc=1, size=9
  ineq localizer NONDEG: dg=2, dloc=1, size=9
  Hessian-NSD matrix-PSD localizer: half-deg=1, |halfH|=9, block size=27x27
    matrix-PSD block constraints added in 0.1s
  eq sphere1: dg=2, shift_monos=45, active=45
  eq sphere2: dg=2, shift_monos=45, active=45
  eq sphere3: dg=2, shift_monos=45, active=45
  eq sphere4: dg=2, shift_monos=45, active=45
  eq AL_c: dg=2, shift_monos=45, active=45
  eq AL_s: dg=2, shift_monos=45, active=45
  eq FO_1_C1: dg=2, shift_monos=45, active=45
  eq FO_2_C2: dg=2, shift_monos=45, active=45
  eq FO_3_C3: dg=2, shift_monos=45, active=45
  total constraints: 3900
  building problem took 0.3s
  solving with SCS...
  solve took 3.6s
  status: optimal
  optimal value (lower bound on min P over tight-MAX set): 0.9867836232235712
  first-order moments (candidate mean):
    E[c1] = +0.000000
    E[c2] = -0.056014
    E[c3] = -0.000000
    E[c4] = +0.000000
    E[s1] = -0.000000
    E[s2] = +0.000000
    E[s3] = -0.000000
    E[s4] = -0.000000
  moment matrix top eigenvalues: [0.55590076 0.59741753 2.27605624 2.53480176 2.89903931 5.57562293]
  moment matrix bottom eigenvalues: [-8.89462354e-08 -5.72711593e-08 -5.41893531e-08 -2.72153433e-08
 -2.17996607e-08 -1.87785187e-08]

--> d=2: min P lower bound = 0.9867836232235712

TOTAL runtime: 4.1s
Summary: {2: np.float64(0.9867836232235712)}
attempt_856 baseline (no Hessian-NSD): min P = -1.16386
