========================================================================
 t3_realizability_v4.py — analytic Newton w/ Hessian classification
 9/8 = 1.1250000000
========================================================================

[1] Grid N=128: global max |omega|^2 ~ 6.581145
    # grid-level local maxima (thresh 0.01*gmax) = 13
~/.local/lib/python3.12/site-packages/scipy/optimize/_minimize.py:806: OptimizeWarning: Unknown solver options: xtol
  res = _minimize_trust_ncg(fun, x0, args, jac, hess, hessp,
[2] Unique refined points: 29
    Converged (||grad|| < 1e-8): 9

--- TRUE LOCAL MAXIMA of |omega|^2 (showing top 0 of 0) ---
   rk       x1       x2       x3     |om|^2    ||S||^2      ratio     gnorm    max_eig    min_eig

--- Saddles / non-maxima (showing top 9 of 9) ---
   rk       x1       x2       x3     |om|^2    ||S||^2      ratio     gnorm    max_eig    min_eig
    0  0.00000  0.00000  0.00000   4.000000   2.000000   0.500000  0.00e+00   4.58e+00   9.37e-01
    1  5.49567  1.57080  3.92911   0.000000   0.995766        nan  8.06e-14   2.01e+00   9.31e-01
    2  1.64001  1.57080  4.78161   0.000000   0.009567        nan  6.75e-14   7.46e+00   1.76e+00
    3  5.27547  4.71239  2.13388   0.000000   0.569869        nan  3.60e-14   4.35e+00   1.43e+00
    4  4.49627  4.71239  4.92851   0.000000   0.091969        nan  2.24e-15   4.91e+00   7.53e-01
    5  0.96492  4.71239  4.10651   0.000000   0.648623        nan  2.12e-15   3.89e+00   1.35e+00
    6  1.69625  4.71239  1.44534   0.000000   0.031313        nan  1.30e-15   5.12e+00   7.60e-01
    7  2.27233  1.57080  0.86926   0.000000   0.833065        nan  7.02e-16   2.35e+00   7.30e-01
    8  4.19387  1.57080  1.05228   0.000000   0.491226        nan  3.48e-16   2.36e+00   1.39e-01

[3] Summary
    VERDICT: INCONCLUSIVE — no true maxima identified
