===========================================================================
 t3_realizability_final.py — attempt 855 (N=4 Frobenius T^3 test)
 Test: does any T^3 local max of |omega|^2 have ||S||^2/|omega|^2 >= 9/8?
 9/8 = 1.1250000000
===========================================================================

>> Grid N = 128^3
   dx = 4.90874e-02
   global max |omega|^2 = 6.58114504
   # non-trivial grid-level local maxima = 13
   max ratio over grid cells with |om|^2 > 0.5*gmax: 0.77616217

>> Grid N = 256^3
   dx = 2.45437e-02
   global max |omega|^2 = 6.58856304
   # non-trivial grid-level local maxima = 11
   max ratio over grid cells with |om|^2 > 0.5*gmax: 0.77728871

[refine] 377 seeds...

[Classification]
   unique refined points: 22
   converged (||grad|| < 1e-4): 22
   TRUE maxima (Hessian NSD): 22

    rk        x1        x2        x3     |om|^2    ||S||^2      ratio     gnorm    max_eig
     0   3.14159   3.14159   0.00000   6.828427   1.528595   0.223858  7.73e-13  -2.39e+00
     1   3.15955   0.03067   0.01796   6.825218   2.470034   0.361898  1.54e-09  -2.39e+00
     2   3.10292   6.21704   6.24451   6.813539   2.465045   0.361786  1.53e-10  -2.37e+00
     3   3.18027   0.06614   0.03868   6.813539   2.465045   0.361786  1.82e-11  -2.37e+00
     4   0.06691   3.25644   3.20851   6.783839   2.452337   0.361497  1.87e-10  -2.34e+00
     5   0.10527   0.18218   3.24686   6.717916   1.504519   0.223956  5.12e-08  -2.27e+00
     6   6.13997   2.89055   2.99838   6.623369   2.383096   0.359801  1.16e-10  -2.16e+00
     7   0.14321   3.39264   3.28480   6.623369   2.383096   0.359801  2.05e-10  -2.16e+00
     8   2.97099   5.98026   6.11259   6.536580   2.345173   0.358777  8.39e-10  -2.06e+00
     9   6.10267   5.96086   2.96108   6.501210   1.457235   0.224148  3.79e-09  -2.02e+00
    10   0.20792   3.51986   3.34951   6.392076   2.281084   0.356861  1.32e-08  -1.88e+00
    11   3.38408   0.45602   0.24249   6.228522   2.206648   0.354281  1.39e-08  -1.67e+00
    12   2.89910   5.82716   6.04070   6.228522   2.206648   0.354281  1.89e-13  -1.67e+00
    13   2.86614   2.59713   6.00773   6.039160   1.356191   0.224566  3.82e-08  -1.40e+00
    14   0.00000   0.00000   0.00000   4.000000   2.000000   0.500000  0.00e+00  -9.37e-01
    15   6.18605   3.11355   6.26676   3.993659   1.053220   0.263723  2.07e-10  -9.07e-01
    16   0.04277   3.21457   0.28615   3.953731   2.873605   0.726808  8.00e-10  -6.80e-01
    17   5.96111   3.06287   6.23705   3.944592   1.016183   0.257614  7.75e-10  -6.14e-01
    18   3.09545   3.06287   2.81952   3.944592   1.926188   0.488311  5.94e-10  -6.14e-01
    19   6.23185   6.19558   5.82761   3.916814   1.865632   0.476314  1.88e-08  -3.22e-01
    20   2.68602   6.19558   3.09026   3.916814   0.980619   0.250361  4.62e-09  -3.22e-01
    21   0.05133   0.08761   0.45557   3.916814   1.865632   0.476314  4.80e-10  -3.22e-01

[All converged critical points, for reference]
    rk        x1        x2        x3     |om|^2      ratio    max_eig       type
     0   3.14159   3.14159   0.00000   6.828427   0.223858  -2.39e+00        max
     1   3.15955   0.03067   0.01796   6.825218   0.361898  -2.39e+00        max
     2   3.10292   6.21704   6.24451   6.813539   0.361786  -2.37e+00        max
     3   3.18027   0.06614   0.03868   6.813539   0.361786  -2.37e+00        max
     4   0.06691   3.25644   3.20851   6.783839   0.361497  -2.34e+00        max
     5   0.10527   0.18218   3.24686   6.717916   0.223956  -2.27e+00        max
     6   6.13997   2.89055   2.99838   6.623369   0.359801  -2.16e+00        max
     7   0.14321   3.39264   3.28480   6.623369   0.359801  -2.16e+00        max
     8   2.97099   5.98026   6.11259   6.536580   0.358777  -2.06e+00        max
     9   6.10267   5.96086   2.96108   6.501210   0.224148  -2.02e+00        max
    10   0.20792   3.51986   3.34951   6.392076   0.356861  -1.88e+00        max
    11   3.38408   0.45602   0.24249   6.228522   0.354281  -1.67e+00        max
    12   2.89910   5.82716   6.04070   6.228522   0.354281  -1.67e+00        max
    13   2.86614   2.59713   6.00773   6.039160   0.224566  -1.40e+00        max
    14   0.00000   0.00000   0.00000   4.000000   0.500000  -9.37e-01        max
    15   6.18605   3.11355   6.26676   3.993659   0.263723  -9.07e-01        max
    16   0.04277   3.21457   0.28615   3.953731   0.726808  -6.80e-01        max
    17   5.96111   3.06287   6.23705   3.944592   0.257614  -6.14e-01        max
    18   3.09545   3.06287   2.81952   3.944592   0.488311  -6.14e-01        max
    19   6.23185   6.19558   5.82761   3.916814   0.476314  -3.22e-01        max
    20   2.68602   6.19558   3.09026   3.916814   0.250361  -3.22e-01        max
    21   0.05133   0.08761   0.45557   3.916814   0.476314  -3.22e-01        max

===========================================================================
 MAX |omega|^2 over TRUE maxima: 6.8284271247
 MAX ratio over TRUE maxima:     0.7268083659
 Max-ratio point: x = [0.04277011 3.2145721  0.28614684]
                  |om|^2 = 3.953731, ratio = 0.72680837
 9/8 =                           1.1250000000
 VERDICT: CONFIRM — max ratio 0.726808 < 9/8 (margin 0.398192)
===========================================================================
