======================================================================
 t3_realizability_v2.py — augmented (with grad/Hessian classification)
======================================================================

[1] Grid-level seed detection (N=128^3)...
    global max |omega|^2 = 6.58114504
    # grid-level local maxima above 0.2*gmax: 13

[2] Refining 73 seeds with analytic gradient...
    Unique refined critical points (by position): 14

--- TRUE LOCAL MAXIMA of |omega|^2 (Hessian <= 0) ---
  rank        x1        x2        x3   |omega|^2   ||S||_F^2       ratio      gnorm  is_max    eig_max
     0   2.86614   2.59713   6.00773    6.039160    1.356191    0.224566   1.43e-09    True  -1.40e+00
     1   0.06691   3.25644   3.20851    5.912271    2.194134    0.371115   2.99e+00    True  -2.26e+00
     2   3.14159   3.14159   6.28319    4.911899    1.393142    0.283626   3.27e+00    True  -2.15e+00
     3   0.10527   0.18218   3.24686    4.423195    1.365144    0.308633   2.79e+00    True  -1.88e+00
     4   0.00000   0.00000   0.00000    4.000000    2.000000    0.500000   0.00e+00    True  -9.37e-01
     5   2.68602   6.19558   3.09026    3.335068    2.466448    0.739550   9.71e-01    True  -8.96e-01

--- Saddles / non-maxima (Hessian has positive eig) ---
  rank        x1        x2        x3   |omega|^2   ||S||_F^2       ratio      gnorm  is_max    eig_max
     0   0.04277   3.21457   0.28615    3.148084    1.987346    0.631288   5.41e-01   False   1.17e-01
     1   6.23185   6.19558   5.82761    3.052764    1.485106    0.486479   5.33e-01   False   7.79e-01
     2   3.18027   0.06614   0.03868    2.190368    1.396983    0.637785   2.22e+00   False   9.48e-01
     3   3.28553   3.39398   0.14394    1.429597    2.010688    1.406472   6.26e-01   False   4.94e-01
     4   2.97099   5.98026   6.11259    1.329559    1.369501    1.030042   4.88e-01   False   4.06e-01
     5   6.13997   2.89055   2.99838    1.311357    1.399738    1.067397   1.21e+00   False   9.99e-01
     6   3.10292   6.21704   6.24451    1.253514    1.480290    1.180912   3.34e-01   False   2.72e-01
     7   3.38408   0.45602   0.24249    1.248424    1.296284    1.038336   1.72e+00   False   1.61e+00

  >>> MAX |omega|^2 over TRUE maxima: 6.0391599445
  >>> MAX ratio over TRUE maxima: 0.7395497654

======================================================================
  9/8 threshold = 1.1250000000
  VERDICT: CONFIRM — max ratio over TRUE T^3 maxima = 0.73954977 < 9/8
           Margin: 0.38545023
======================================================================
