Tr(S1^2) = 0.500000  (expect 0.5)
Tr(S2^2) = 0.500000  (expect 0.5)
Tr(S3^2) = 0.500000  (expect 0.5)
Tr(S4^2) = 0.500000  (expect 0.5)

tau[j,k] = Tr(S_j S_k):
  tau[1,2] = +0.000000  (1/(6 sqrt2) = +0.117851, 1/(3 sqrt2) = +0.235702)
  tau[1,3] = +0.000000  (1/(6 sqrt2) = +0.117851, 1/(3 sqrt2) = +0.235702)
  tau[1,4] = -0.117851  (1/(6 sqrt2) = +0.117851, 1/(3 sqrt2) = +0.235702)
  tau[2,3] = +0.000000  (1/(6 sqrt2) = +0.117851, 1/(3 sqrt2) = +0.235702)
  tau[2,4] = +0.235702  (1/(6 sqrt2) = +0.117851, 1/(3 sqrt2) = +0.235702)
  tau[3,4] = -0.117851  (1/(6 sqrt2) = +0.117851, 1/(3 sqrt2) = +0.235702)

mu[j,k] = v_j . v_k:
  mu[1,2] = +0.000000  (+-1/sqrt2 = 0.707107)
  mu[1,3] = +0.000000  (+-1/sqrt2 = 0.707107)
  mu[1,4] = -0.707107  (+-1/sqrt2 = 0.707107)
  mu[2,3] = +0.000000  (+-1/sqrt2 = 0.707107)
  mu[2,4] = +0.000000  (+-1/sqrt2 = 0.707107)
  mu[3,4] = +0.707107  (+-1/sqrt2 = 0.707107)

======================================================================
VERIFYING DEEPEST SAMPLED VIOLATOR
======================================================================
(a,b,c2,c4) = (-0.187653, 0.291851, -0.392914, -0.996193)
  c1 = -0.892068, c3 = 0.996266
  box:  c1 in [-1,1]? True, c2? True, c3? True, c4? True
  (F1'): (1-c1^2)*a^2 = 0.007191 <= 1/4? True
  (F3'): (1-c3^2)*b^2 = 0.000635 <= 1/4? True
  (F'):  (1-c4^2)*(b-a)^2 = 0.001747 <= 3/2? True
  (NON-DEG): a^2+b^2+c2^2+2c4^2+sqrt2*c4*(a-b) = 2.935113 > 0? True
  P(a,b,c2,c4) = -1.367420   (R* claims P >= 0; violator has P < 0)

  Direct matrix check:
    ||S||_F^2 = 1.676539
    |omega|^2 = 0.274772
    ratio    = 6.101562    (target: < 9/8 = 1.125000)
    violation margin: ratio - 9/8 = 4.976562

  Via algebraic forms:
    off_F      = 0.208983
    off_omega  = -2.660340
    sum c_j^2  = 2.935113
    LHS of TARGET = off_F - (9/8) off_omega = 3.201865
    RHS of TARGET = (5/8) sum c_j^2          = 1.834445
    TARGET says LHS < RHS; here LHS - RHS = 1.367420
    (note: R* = RHS - LHS = -1.367420 = P above)

  CRITICAL POINT (first-order) check:
    omega.v1 = c1 - c4/sqrt2 = -0.187653 (should = a = -0.187653)
    omega.v2 = c2            = -0.392914
    omega.v3 = c3 + c4/sqrt2 = 0.291851 (should = b = 0.291851)
    omega.v4 = c4+(c3-c1)/sqrt2 = 0.339061
    lambda^2 via j=1: (1-c1^2)*a^2          = 0.007191
    lambda^2 via j=2: (1-c2^2)*c2^2         = 0.130548
    lambda^2 via j=3: (1-c3^2)*b^2          = 0.000635
    lambda^2 via j=4: (1/3)(1-c4^2)*omv4^2  = 0.000291
    (at a real critical point these should all be equal)

  NOTE: the sampling used the *relaxation* (F_j') <= 1/4 and (F') <= 3/2,
  which corresponds to the INEQUALITY version of (E) (i.e., we bounded each
  (1-c_j^2)(omv_j)^2 <= 1/4 via the j=2 arm). The violator above is feasible
  for this relaxation but need not be on the critical manifold {all four equal}.
  The original attempt_851 reduction (R*) is stated over THIS RELAXATION.
