=== Verifying scan_852 worst-P saddle ===
x* = [2.12799 1.4843  0.     ]
c = [-0.52880643  0.08638851  1.         -0.89125225]
s = [ 0.84874245  0.99626152  0.         -0.45350791]
  sphere_1: c^2+s^2-1 = +0.00e+00
  sphere_2: c^2+s^2-1 = +0.00e+00
  sphere_3: c^2+s^2-1 = +0.00e+00
  sphere_4: c^2+s^2-1 = +0.00e+00
  AL_c = -1.11e-16,  AL_s = +2.22e-16
  FO_1 (C1): s_3*a_3       = +0.00e+00
  FO_2 (C2): s_1 a_1 - s_2 a_2 = +3.95e-07
  FO_3 (C3): s_1 a_1 + s_4 a_4 = +5.10e-07
  |omega|^2 = 0.154490
  ||S||_F^2 = 1.337666
  ratio     = 8.658591
  P(c)      = -1.16386476

Refined: x* = [ 2.12799032e+00  1.48429993e+00 -1.53202182e-09], ||grad||^2 = 1.35e-16
=== Refined saddle details ===
x* = [ 2.12799032e+00  1.48429993e+00 -1.53202182e-09]
c = [-0.52880671  0.08638858  1.         -0.89125214]
s = [ 8.48742283e-01  9.96261518e-01 -1.53202182e-09 -4.53508133e-01]
  sphere_1: c^2+s^2-1 = +0.00e+00
  sphere_2: c^2+s^2-1 = +2.22e-16
  sphere_3: c^2+s^2-1 = +0.00e+00
  sphere_4: c^2+s^2-1 = +0.00e+00
  AL_c = +0.00e+00,  AL_s = +1.67e-16
  FO_1 (C1): s_3*a_3       = -5.67e-10
  FO_2 (C2): s_1 a_1 - s_2 a_2 = +4.51e-09
  FO_3 (C3): s_1 a_1 + s_4 a_4 = +5.67e-09
  |omega|^2 = 0.154490
  ||S||_F^2 = 1.337666
  ratio     = 8.658590
  P(c)      = -1.16386459

=== Bulk sampling 10^6 T^3 points ===
  P sample min over T^3: -1.246721
  P sample max over T^3: +5.681657
  Quantiles of P (0,5,50,95,100): [-1.2467213  -0.62868769  0.98339659  3.68805243  5.68165739]

  For reference, attempt_854 (no AL): min P = -1.3096
  This attempt (polynomial AL) :    min P = -1.163865
  Improvement from AL: -0.1457 (AL shrinks the bound)

=== Runtime: 0.4s ===
